<?xml version="1.0" encoding="UTF-8"?>
<!-- Generated by org.testng.reporters.JUnitReportReporter -->
<testsuite hostname="admin1-HP-EliteBook-Folio-9480m" failures="0" tests="1" name="Test.AmazonTest" time="3.730" errors="0" timestamp="2020-03-16T15:33:37 IST" skipped="0">
  <testcase classname="Test.AmazonTest" name="WhenTypeAuthorAndBookName_ShouldReturnBooklist" time="3.730"/>
  <system-out/>
</testsuite> <!-- Test.AmazonTest -->
