<?xml version="1.0" encoding="UTF-8"?>
<!-- Generated by org.testng.reporters.JUnitReportReporter -->
<testsuite hostname="admin1-HP-EliteBook-Folio-9480m" failures="0" tests="1" name="com.bridgelabz.bookwagon.test.SearchBarTest" time="16.267" errors="0" timestamp="2020-03-30T01:00:42 IST" skipped="0">
  <testcase classname="com.bridgelabz.bookwagon.test.SearchBarTest" name="givenAuthorName_whenSearchBook_ShouldReturnThisBook" time="16.267"/>
  <system-out/>
</testsuite> <!-- com.bridgelabz.bookwagon.test.SearchBarTest -->
