<?xml version="1.0" encoding="UTF-8"?>
<!-- Generated by org.testng.reporters.JUnitReportReporter -->
<testsuite hostname="admin1-HP-EliteBook-Folio-9480m" failures="0" tests="1" name="com.bridgelabz.bookwagon.test.BooksWagonTest" time="29.182" errors="0" timestamp="2020-03-30T05:32:21 IST" skipped="0">
  <testcase classname="com.bridgelabz.bookwagon.test.BooksWagonTest" name="WhenUserTypeAuthorAndBookName_ShouldAbleToPlaceOrder" time="29.182"/>
  <system-out/>
</testsuite> <!-- com.bridgelabz.bookwagon.test.BooksWagonTest -->
