<?xml version="1.0" encoding="UTF-8"?>
<!-- Generated by org.testng.reporters.JUnitReportReporter -->
<testsuite hostname="admin1-HP-EliteBook-Folio-9480m" failures="0" tests="1" name="com.bridgelabz.bookwagon.test.LoginTest" time="5.550" errors="0" timestamp="2020-03-30T02:47:01 IST" skipped="0">
  <testcase classname="com.bridgelabz.bookwagon.test.LoginTest" name="givenLoginPage_WhenEnterTheLoginDetail_ShouldLoginSuccessful" time="5.550"/>
  <system-out/>
</testsuite> <!-- com.bridgelabz.bookwagon.test.LoginTest -->
