<?xml version="1.0" encoding="UTF-8"?>
<!-- Generated by org.testng.reporters.JUnitReportReporter -->
<testsuite hostname="admin1-HP-EliteBook-Folio-9480m" failures="0" tests="1" name="com.bridgelabz.bookwagon.test.SearchTest" time="2.598" errors="0" timestamp="2020-03-29T21:35:16 IST" skipped="0">
  <testcase classname="com.bridgelabz.bookwagon.test.SearchTest" name="WhenTypeAuthorAndBookName_ShouldReturnBooklist" time="2.598"/>
  <system-out/>
</testsuite> <!-- com.bridgelabz.bookwagon.test.SearchTest -->
