<?xml version="1.0" encoding="UTF-8"?>
<!-- Generated by org.testng.reporters.JUnitReportReporter -->
<testsuite hostname="admin1-HP-EliteBook-Folio-9480m" failures="0" tests="1" name="test.DataDriventest" time="0.000" errors="0" timestamp="2020-03-13T12:54:38 IST" skipped="1">
  <testcase classname="test.DataDriventest" name="fbLoginLogout" time="0.000">
    <skipped/>
  </testcase> <!-- fbLoginLogout -->
  <system-out/>
</testsuite> <!-- test.DataDriventest -->
